<?xml version="1.0" encoding="UTF-8"?>
<testng-results ignored="0" total="1" passed="1" failed="0" skipped="0">
  <reporter-output>
  </reporter-output>
  <suite started-at="2023-01-17T13:41:58 IST" name="Suite" finished-at="2023-01-17T13:42:12 IST" duration-ms="13709">
    <groups>
    </groups>
    <test started-at="2023-01-17T13:41:58 IST" name="Test" finished-at="2023-01-17T13:42:12 IST" duration-ms="13709">
      <class name="testsClasses.TestNegativeformdata">
        <test-method is-config="true" signature="openBrowser(java.lang.String)[pri:0, instance:testsClasses.TestNegativeformdata@36902638]" started-at="2023-01-17T13:41:58 IST" name="openBrowser" finished-at="2023-01-17T13:42:10 IST" duration-ms="11763" status="PASS">
          <params>
            <param index="0">
              <value>
                <![CDATA[chrome]]>
              </value>
            </param>
          </params>
          <reporter-output>
          </reporter-output>
        </test-method> <!-- openBrowser -->
        <test-method is-config="true" signature="display1()[pri:0, instance:testsClasses.TestNegativeformdata@36902638]" started-at="2023-01-17T13:42:10 IST" name="display1" finished-at="2023-01-17T13:42:11 IST" duration-ms="633" status="PASS">
          <reporter-output>
          </reporter-output>
        </test-method> <!-- display1 -->
        <test-method signature="testnegativeformdata()[pri:0, instance:testsClasses.TestNegativeformdata@36902638]" started-at="2023-01-17T13:42:11 IST" name="testnegativeformdata" finished-at="2023-01-17T13:42:12 IST" duration-ms="836" status="PASS">
          <reporter-output>
          </reporter-output>
        </test-method> <!-- testnegativeformdata -->
        <test-method is-config="true" signature="display2()[pri:0, instance:testsClasses.TestNegativeformdata@36902638]" started-at="2023-01-17T13:42:12 IST" name="display2" finished-at="2023-01-17T13:42:12 IST" duration-ms="427" status="PASS">
          <reporter-output>
          </reporter-output>
        </test-method> <!-- display2 -->
      </class> <!-- testsClasses.TestNegativeformdata -->
    </test> <!-- Test -->
  </suite> <!-- Suite -->
</testng-results>
